<?xml version="1.0" encoding="UTF-8"?>
<!-- Generated by org.testng.reporters.JUnitReportReporter -->
<testsuite skipped="0" hostname="EPBYMINW2705" name="test.java.TstMultithreadServer" tests="2" failures="0" timestamp="18 Jul 2017 12:57:54 GMT" time="0.732" errors="0">
  <testcase name="scenario2" time="0.356" classname="test.java.TstMultithreadServer"/>
  <testcase name="scenario1" time="0.376" classname="test.java.TstMultithreadServer"/>
</testsuite> <!-- test.java.TstMultithreadServer -->
